2025-06-11 21:40:00,594 [WARNING] Error en la solicitud: 401
2025-06-11 21:43:25,804 [INFO] <Response [403]>
2025-06-11 21:43:25,804 [INFO] Error al obtener token: 403
2025-06-11 21:43:26,860 [ERROR] Token de autenticación no válido o expirado.
2025-06-11 21:43:27,487 [INFO] <Response [403]>
2025-06-11 21:43:27,487 [INFO] Error al obtener token: 403
2025-06-11 21:46:45,103 [INFO] <Response [201]>
2025-06-13 20:29:29,667 [INFO] <Response [201]>
2025-06-13 20:30:18,511 [INFO] <Response [201]>
2025-06-13 21:01:31,151 [ERROR] Error al enviar solicitud de inscripción: 400 - {
	"statusCode":	6,
	"statusString":	"Invalid Content",
	"subStatusCode":	"MessageParametersLack",
	"errorCode":	1610612761,
	"errorMsg":	"UserInfo"
}
2025-06-13 21:07:56,605 [ERROR] Error al enviar solicitud de inscripción: 400 - {
	"statusCode":	6,
	"statusString":	"Invalid Content",
	"subStatusCode":	"MessageParametersLack",
	"errorCode":	1610612761,
	"errorMsg":	"UserInfo"
}
2025-06-13 21:17:28,323 [ERROR] Error al enviar solicitud de inscripción: 400 - {
	"statusCode":	6,
	"statusString":	"Invalid Content",
	"subStatusCode":	"employeeNoAlreadyExist",
	"errorCode":	1610637344,
	"errorMsg":	"checkUser"
}
2025-06-13 21:26:13,035 [ERROR] Error al enviar solicitud de inscripcion: 400 - {
	"statusCode":	4,
	"statusString":	"Invalid Operation",
	"subStatusCode":	"methodNotAllowed",
	"errorCode":	1073741828,
	"errorMsg":	"methodNotAllowed"
}
2025-06-13 21:35:08,616 [INFO] <Response [201]>
